plugin/build/outputs/mapping/debug/seeds.txt
com.skullshooter.ssplugin.app.activities.ActivityHelp: void onClick(android.view.View)
com.skullshooter.ssplugin.app.services.CanvasDrawingPaints: void DrawFilledCircle(android.graphics.Canvas,int,int,int,int,float,float,float)
com.skullshooter.ssplugin.app.services.CanvasDrawingPaints: void DrawCircle(android.graphics.Canvas,int,int,int,int,float,float,float)
com.skullshooter.ssplugin.app.services.SsFlawMain: SsFlawMain()
com.skullshooter.ssplugin.app.activities.ActivitySettings
com.skullshooter.ssplugin.app.services.CanvasDrawingPaints: void EnemyCount(android.graphics.Canvas,int,int,int,int,java.lang.String,float,float,float)
com.skullshooter.ssplugin.app.activities.Daemon: Daemon()
com.skullshooter.ssplugin.app.services.CanvasDrawingPaints: void DebugText(java.lang.String)
com.skullshooter.ssplugin.app.services.CanvasDrawingPaints: void drawRectAngle(android.graphics.Canvas,int,int,int,int,float,float,float,float,float)
com.skullshooter.ssplugin.app.services.CanvasDrawingPaints: void DrawActorsCount(android.graphics.Canvas,int,float,float)
com.skullshooter.ssplugin.app.services.CanvasDrawingPaints: void DrawTeamID(android.graphics.Canvas,int,int,int,int,int,float,float,float)
com.skullshooter.ssplugin.app.services.CanvasDrawingPaints
com.skullshooter.ssplugin.app.services.CanvasDrawingPaints: void DrawOTH(android.graphics.Canvas,int,int,float,float)
com.skullshooter.ssplugin.app.services.CanvasDrawingPaints: void DrawName(android.graphics.Canvas,int,int,int,int,java.lang.String,float,float,float)
com.skullshooter.ssplugin.app.services.CanvasDrawingPaints: android.graphics.Bitmap scale(android.graphics.Bitmap,int,int)
com.skullshooter.ssplugin.app.services.CanvasDrawingPaints: void run()
com.skullshooter.ssplugin.app.activities.ActivityHelp: ActivityHelp()
com.skullshooter.ssplugin.app.services.CanvasDrawingPaints: void setFPS(int)
com.skullshooter.ssplugin.app.services.CanvasDrawingPaints: void DrawRect(android.graphics.Canvas,int,int,int,int,float,float,float,float,float)
com.skullshooter.ssplugin.app.services.CanvasDrawingPaints: void DrawTextName(android.graphics.Canvas,int,int,int,int,java.lang.String,float,float,float)
com.skullshooter.ssplugin.app.services.CanvasDrawingPaints: void espScallingSize(int)
com.skullshooter.ssplugin.app.activities.ActivitySettings: void onClick(android.view.View)
com.skullshooter.ssplugin.app.activities.ActivityExecutionModes: ActivityExecutionModes()
com.skullshooter.ssplugin.app.activities.Daemon
com.skullshooter.ssplugin.app.services.CanvasDrawingPaints: void fadeAnimation()
com.skullshooter.ssplugin.app.activities.ActivityHelp
com.skullshooter.ssplugin.app.services.CanvasDrawingPaints: void InitializePaints()
com.skullshooter.ssplugin.app.activities.OAuthVreifications
com.skullshooter.ssplugin.app.services.CanvasDrawingPaints: void DrawWeapon(android.graphics.Canvas,int,int,int,int,int,int,float,float,float)
com.skullshooter.ssplugin.app.activities.Daemon: void onClick(android.view.View)
com.skullshooter.ssplugin.app.activities.OAuthVreifications: OAuthVreifications()
com.skullshooter.ssplugin.app.activities.ActivitySettings: ActivitySettings()
com.skullshooter.ssplugin.app.services.CanvasDrawingPaints: void DrawText(android.graphics.Canvas,int,int,int,int,java.lang.String,float,float,float)
com.skullshooter.ssplugin.app.services.CanvasDrawingPaints: void DrawFilledRect(android.graphics.Canvas,int,int,int,int,float,float,float,float)
com.skullshooter.ssplugin.app.services.CanvasDrawingPaints: void ClearCanvas(android.graphics.Canvas)
com.skullshooter.ssplugin.app.services.CanvasDrawingPaints: void DrawItems(android.graphics.Canvas,java.lang.String,float,float,float,float)
com.skullshooter.ssplugin.app.services.WindowOverlay: WindowOverlay()
com.skullshooter.ssplugin.app.services.CanvasDrawingPaints: CanvasDrawingPaints(android.content.Context)
...
com.google.android.material.card.MaterialCardView: int getCheckedIconGravity()
com.google.android.material.appbar.HeaderScrollingViewBehavior: HeaderScrollingViewBehavior(android.content.Context,android.util.AttributeSet)
com.google.android.material.button.MaterialButtonToggleGroup: void setupButtonChild(com.google.android.material.button.MaterialButton)
androidx.appcompat.widget.Toolbar: void setCollapseIcon(int)
com.google.android.material.chip.Chip: void setIconEndPadding(float)
com.google.android.material.floatingactionbutton.ExtendedFloatingActionButton: com.google.android.material.animation.MotionSpec getShrinkMotionSpec()
androidx.transition.ChangeBounds$7: androidx.transition.ChangeBounds$ViewBounds mViewBounds
androidx.appcompat.widget.LinearLayoutCompat: void setDividerPadding(int)
androidx.viewpager2.adapter.FragmentStateAdapter$5
androidx.recyclerview.widget.LinearLayoutManager$SavedState: android.os.Parcelable$Creator CREATOR
androidx.core.app.RemoteActionCompat: RemoteActionCompat()
com.google.android.material.appbar.AppBarLayout: void setExpanded(boolean)
androidx.appcompat.widget.AppCompatButton: void setSupportCompoundDrawablesTintMode(android.graphics.PorterDuff$Mode)
com.google.android.material.appbar.MaterialToolbar: android.widget.ImageView$ScaleType getLogoScaleType()
com.google.android.material.circularreveal.CircularRevealFrameLayout
androidx.appcompat.widget.SearchView: int getInputType()
androidx.appcompat.widget.Toolbar: void setCollapseContentDescription(int)
com.google.android.material.chip.Chip: void setCheckedIconResource(int)
com.google.android.material.snackbar.BaseTransientBottomBar$SnackbarBaseLayout: int getMaxWidth()
androidx.vectordrawable.graphics.drawable.VectorDrawableCompat$VPath: void setPathData(androidx.core.graphics.PathParser$PathDataNode[])
com.google.android.material.textfield.TextInputLayout: void setErrorIconOnClickListener(android.view.View$OnClickListener)
androidx.coordinatorlayout.widget.CoordinatorLayout: android.graphics.drawable.Drawable getStatusBarBackground()
com.google.android.material.textfield.TextInputLayout: void setErrorIconDrawable(int)
com.google.android.material.textfield.TextInputLayout: int getBoxBackgroundColor()
com.google.android.material.floatingactionbutton.ExtendedFloatingActionButton: androidx.coordinatorlayout.widget.CoordinatorLayout$Behavior getBehavior()
androidx.constraintlayout.widget.ConstraintLayout: void setOptimizationLevel(int)
androidx.appcompat.widget.Toolbar: void setCollapsible(boolean)
androidx.appcompat.widget.AbsActionBarView: int getAnimatedVisibility()
androidx.appcompat.widget.SearchView: void setSearchableInfo(android.app.SearchableInfo)
androidx.recyclerview.widget.RecyclerView: void setHasFixedSize(boolean)
com.google.android.material.textfield.TextInputLayout: void setError(java.lang.CharSequence)
com.google.android.material.button.MaterialButton: android.content.res.ColorStateList getRippleColor()
androidx.appcompat.widget.Toolbar: int getCurrentContentInsetRight()
com.google.android.material.button.MaterialButtonToggleGroup
com.google.android.material.chip.Chip: float getChipIconSize()
androidx.appcompat.widget.AppCompatCheckBox: int getCompoundPaddingLeft()
androidx.appcompat.widget.Toolbar: int getContentInsetStart()
androidx.recyclerview.widget.RecyclerView: int getScrollState()
androidx.appcompat.widget.AppCompatSpinner: android.content.Context getPopupContext()
com.google.android.material.transformation.ExpandableBehavior: ExpandableBehavior()
androidx.appcompat.widget.Toolbar: androidx.appcompat.widget.ActionMenuPresenter getOuterActionMenuPresenter()
com.google.android.material.card.MaterialCardView: float getProgress()
com.google.android.material.chip.Chip: void setChipIcon(android.graphics.drawable.Drawable)
androidx.recyclerview.widget.RecyclerView: androidx.recyclerview.widget.RecyclerView$ItemAnimator getItemAnimator()