plugin/build/outputs/mapping/debug/mapping.txt
# compiler: R8
# compiler_version: 2.1.62
# min_api: 18
# pg_map_id: f1d0f57
# common_typos_disable
com.skullshooter.ssplugin.app.activities.-$$Lambda$ActivityExecutionModes$_ZYwwi65gsjSo3HMop_Fa2OPQyk -> c.c.a.a.a.a:
    com.github.matteobattilana.weather.WeatherView f$1 -> c
    com.skullshooter.ssplugin.app.activities.ActivityExecutionModes f$0 -> b
com.skullshooter.ssplugin.app.activities.-$$Lambda$ActivityExecutionModes$gkXXo-h45O90DMsvjQVulZjaijI -> c.c.a.a.a.b:
    com.github.matteobattilana.weather.WeatherView f$1 -> c
    java.lang.String f$0 -> b
com.skullshooter.ssplugin.app.activities.-$$Lambda$ActivityHelp$sEVqJFLeB9zSLxLGFR7n6-8I6WQ -> c.c.a.a.a.c:
    com.github.matteobattilana.weather.WeatherView f$1 -> c
    java.lang.String f$0 -> b
com.skullshooter.ssplugin.app.activities.-$$Lambda$ActivityHelp$xkXh9oMbWCEKB6wpa4gmnm_8qFw -> c.c.a.a.a.d:
    com.github.matteobattilana.weather.WeatherView f$1 -> c
    com.skullshooter.ssplugin.app.activities.ActivityHelp f$0 -> b
com.skullshooter.ssplugin.app.activities.-$$Lambda$ActivitySettings$PuIiTaFGl96FTlYY9zHM4JYw2E0 -> c.c.a.a.a.e:
    com.github.matteobattilana.weather.WeatherView f$1 -> c
    java.lang.String f$0 -> b
com.skullshooter.ssplugin.app.activities.-$$Lambda$ActivitySettings$vEXtpdjfwz79GjRw7iBimut2saE -> c.c.a.a.a.f:
    com.github.matteobattilana.weather.WeatherView f$1 -> c
    com.skullshooter.ssplugin.app.activities.ActivitySettings f$0 -> b
com.skullshooter.ssplugin.app.activities.-$$Lambda$Daemon$ECKD5WSng2JrIkbDBgpJqLpx2Po -> c.c.a.a.a.g:
    com.skullshooter.ssplugin.app.activities.Daemon f$0 -> b
    com.github.matteobattilana.weather.WeatherView f$1 -> c
com.skullshooter.ssplugin.app.activities.-$$Lambda$Daemon$y9qr602gxD4JEPkEaZpZzXaRiX8 -> c.c.a.a.a.h:
    com.github.matteobattilana.weather.WeatherView f$1 -> c
    java.lang.String f$0 -> b
com.skullshooter.ssplugin.app.activities.-$$Lambda$OAuthVreifications$9_XVDCUPddDeMQZLEeZ1sDS1V1g -> c.c.a.a.a.i:
    com.skullshooter.ssplugin.app.activities.OAuthVreifications f$0 -> b
com.skullshooter.ssplugin.app.activities.-$$Lambda$OAuthVreifications$GTz-Ji1O02oP1Ix4dVeDyIi7keE -> c.c.a.a.a.j:
    com.skullshooter.ssplugin.app.activities.OAuthVreifications f$0 -> b
com.skullshooter.ssplugin.app.activities.-$$Lambda$OAuthVreifications$LI6TeCBA0ceCRQSWwEdtOdU2InI -> c.c.a.a.a.k:
    com.github.matteobattilana.weather.WeatherView f$1 -> c
    java.lang.String f$0 -> b
com.skullshooter.ssplugin.app.activities.-$$Lambda$OAuthVreifications$MsxPUMYXNz5ezaglB8YkLXO3kVM -> c.c.a.a.a.l:
    com.skullshooter.ssplugin.app.activities.OAuthVreifications$downloadNativev7 f$1 -> c
    com.skullshooter.ssplugin.app.activities.OAuthVreifications f$0 -> b
com.skullshooter.ssplugin.app.activities.-$$Lambda$OAuthVreifications$RIpQL_jdB_yo-ZXEfKuLQ0GnxP4 -> c.c.a.a.a.m:
    java.lang.Exception f$1 -> c
    com.skullshooter.ssplugin.app.activities.OAuthVreifications f$0 -> b
com.skullshooter.ssplugin.app.activities.-$$Lambda$OAuthVreifications$Zp0l5p9S3OEh3WwAyII8y-TViVw -> c.c.a.a.a.n:
    com.github.matteobattilana.weather.WeatherView f$1 -> c
    com.skullshooter.ssplugin.app.activities.OAuthVreifications f$0 -> b
com.skullshooter.ssplugin.app.activities.-$$Lambda$OAuthVreifications$_q0SYPcxwRMKS31_fTOY3xzdYXM -> c.c.a.a.a.o:
    com.skullshooter.ssplugin.app.activities.OAuthVreifications$downloadNativev7 f$0 -> b
    java.lang.String f$1 -> c
com.skullshooter.ssplugin.app.activities.-$$Lambda$OAuthVreifications$h2FDTC0dblfTw8qmNBqUSP-Dd4w -> c.c.a.a.a.p:
    com.skullshooter.ssplugin.app.activities.OAuthVreifications$downloadNativev8 f$0 -> b
    java.lang.String f$1 -> c
com.skullshooter.ssplugin.app.activities.-$$Lambda$OAuthVreifications$lCzc9oBHyOLcZqOyiVEe0rtjE7I -> c.c.a.a.a.q:
    com.skullshooter.ssplugin.app.activities.OAuthVreifications$downloadNativev8 f$1 -> c
    com.skullshooter.ssplugin.app.activities.OAuthVreifications f$0 -> b
...
androidx.constraintlayout.solver.Cache -> b.f.b.c:
    androidx.constraintlayout.solver.Pools$Pool arrayRowPool -> b
    androidx.constraintlayout.solver.Pools$Pool optimizedArrayRowPool -> a
    androidx.constraintlayout.solver.Pools$Pool solverVariablePool -> c
    androidx.constraintlayout.solver.SolverVariable[] mIndexedVariables -> d
    21:25:void <init>() -> <init>
androidx.constraintlayout.solver.LinearSystem -> b.f.b.d:
    int POOL_SIZE -> o
    boolean OPTIMIZED_ENGINE -> p
    int mPoolVariablesCount -> m
    int mMaxRows -> j
    int mNumColumns -> h
    int mNumRows -> i
    int mMaxColumns -> d
    androidx.constraintlayout.solver.LinearSystem$Row mGoal -> b
    int TABLE_SIZE -> c
    androidx.constraintlayout.solver.ArrayRow[] mRows -> e
    int mVariablesID -> a
    boolean[] mAlreadyTestedCandidates -> g
    androidx.constraintlayout.solver.SolverVariable[] mPoolVariables -> l
    long OPTIMIZED_ARRAY_ROW_CREATION -> r
    long ARRAY_ROW_CREATION -> q
    boolean newgraphOptimizer -> f
    androidx.constraintlayout.solver.LinearSystem$Row mTempGoal -> n
    androidx.constraintlayout.solver.Cache mCache -> k
    41:232:void <clinit>() -> <clinit>
    46:98:void <init>() -> <init>
    463:489:void minimizeGoal(androidx.constraintlayout.solver.LinearSystem$Row) -> A
    637:778:int optimize(androidx.constraintlayout.solver.LinearSystem$Row,boolean) -> B
    146:163:void releaseRows() -> C
    169:195:void reset() -> D
    352:365:androidx.constraintlayout.solver.SolverVariable acquireSolverVariable(androidx.constraintlayout.solver.SolverVariable$Type,java.lang.String) -> a
    1292:1310:void addCenterPoint(androidx.constraintlayout.solver.widgets.ConstraintWidget,androidx.constraintlayout.solver.widgets.ConstraintWidget,float,int) -> b
androidx.constraintlayout.solver.LinearSystem$Row -> b.f.b.d$a:
    void addError(androidx.constraintlayout.solver.SolverVariable) -> a
    androidx.constraintlayout.solver.SolverVariable getPivotCandidate(androidx.constraintlayout.solver.LinearSystem,boolean[]) -> b
androidx.constraintlayout.solver.LinearSystem$ValuesRow -> b.f.b.d$b:
    83:85:void <init>(androidx.constraintlayout.solver.LinearSystem,androidx.constraintlayout.solver.Cache) -> <init>
androidx.constraintlayout.solver.Pools$Pool -> b.f.b.e:
androidx.constraintlayout.solver.Pools$SimplePool -> b.f.b.f:
    java.lang.Object[] mPool -> a
    int mPoolSize -> b
    96:101:void <init>(int) -> <init>
    106:113:java.lang.Object acquire() -> a
    123:128:boolean release(java.lang.Object) -> b
    133:148:void releaseAll(java.lang.Object[],int) -> c
androidx.constraintlayout.solver.PriorityGoalRow -> b.f.b.g:
    androidx.constraintlayout.solver.PriorityGoalRow$GoalVariableAccessor accessor -> j
    int numGoals -> i
    int TABLE_SIZE -> f
    androidx.constraintlayout.solver.SolverVariable[] arrayGoals -> g
    androidx.constraintlayout.solver.SolverVariable[] sortArray -> h
    29:162:void <init>(androidx.constraintlayout.solver.Cache) -> <init>
    239:256:void updateFromRow(androidx.constraintlayout.solver.ArrayRow,boolean) -> D
    25:25:void access$000(androidx.constraintlayout.solver.PriorityGoalRow,androidx.constraintlayout.solver.SolverVariable) -> F
    198:222:void addToGoal(androidx.constraintlayout.solver.SolverVariable) -> G
    225:235:void removeGoal(androidx.constraintlayout.solver.SolverVariable) -> H
    191:195:void addError(androidx.constraintlayout.solver.SolverVariable) -> a
    168:186:androidx.constraintlayout.solver.SolverVariable getPivotCandidate(androidx.constraintlayout.solver.LinearSystem,boolean[]) -> b
    153:155:void clear() -> clear
    260:267:java.lang.String toString() -> toString