plugin/build/outputs/mapping/debug/usage.txt
com.skullshooter.ssplugin.app.secureENC.RSA:
    public void <init>()
    private static java.lang.String bytesToHex(byte[])
    public static java.lang.String readStream(java.io.InputStream)
    public static java.lang.String SHA256(java.lang.String)
    private static void deleteFilesInDir(java.io.File)
    public static byte[] loaderDecrypt(byte[])
    public static java.lang.String profileDecrypt(java.lang.String,java.lang.String)
    public static java.lang.String toBase64(java.lang.String)
    public static java.lang.String toBase64(byte[])
    public static byte[] fromBase64(java.lang.String)
    public static java.lang.String fromBase64String(java.lang.String)
    public static java.security.PublicKey getPublicKey(byte[])
    public static java.lang.String encrypt(java.lang.String,byte[])
    public static boolean verify(java.lang.String,java.lang.String,byte[])
    private static final java.lang.String ALLOWED_CHARACTERS
com.skullshooter.ssplugin.app.R$dimen
com.skullshooter.ssplugin.app.R$anim
com.skullshooter.ssplugin.app.R$animator
com.skullshooter.ssplugin.app.R$attr
com.skullshooter.ssplugin.app.R$id
com.skullshooter.ssplugin.app.configuaration.AppConfig:
    public void <init>()
    public static final java.lang.String EXECUTION_CONTAINER
    public static final java.lang.String EXECUTION_SUPPERUSER
    public static final java.lang.String DAEMON_DIR
    public static final java.lang.String DAEMON
    public static final java.lang.String DATABASE
    public static final java.lang.String LOADER_VERSION
    public static final java.lang.String PLUGIN_VERSION
    public static final java.lang.String pgARMV
    public static final java.lang.String pgARMVSO
    public static final java.lang.String GLOBAL
    public static final java.lang.String KOREAN
    public static final java.lang.String VIETNAM
    public static final java.lang.String TAIWAN
    public static final java.lang.String INDIA
    public static final java.lang.String ID_GLOBAL
    public static final java.lang.String ID_KOREAN
    public static final java.lang.String ID_VIETNAM
    public static final java.lang.String ID_TAIWAN
    public static final java.lang.String ID_INDIA
    public static final java.lang.String DAEMON_VERSION
    public static final java.lang.String PLUGIN
    public static final java.lang.String UPDATE_LINK
    public static final java.lang.String pgARMV7ANative
    public static final java.lang.String pgARMV8ANative
    public static final java.lang.String VERSION
    public static final java.lang.String SERVER_URL
    public static final java.lang.String pgARMV7ANative_version
com.skullshooter.ssplugin.app.activities.OAuthVreifications:
    public boolean isRunningApp(java.lang.String)
    java.lang.String sUsername
    java.lang.String sPassword
    private android.content.Context mContext
com.skullshooter.ssplugin.app.secureENC.RShared
...
androidx.appcompat.widget.ButtonBarLayout:
    public int mMinimumHeight
com.google.android.material.timepicker.TimePickerView:
    public final com.google.android.material.timepicker.ClockHandView clockHandView
    public final com.google.android.material.timepicker.ClockFaceView clockFace
    public com.google.android.material.timepicker.TimePickerView$OnPeriodChangeListener onPeriodChangeListener
    public com.google.android.material.timepicker.TimePickerView$OnSelectionChange onSelectionChangeListener
    public com.google.android.material.timepicker.TimePickerView$OnDoubleTapListener onDoubleTapListener
androidx.recyclerview.widget.LinearLayoutManager$LayoutState:
    public boolean mIsPreLayout
androidx.core.view.ActionProvider:
    public final android.content.Context mContext
    public androidx.core.view.ActionProvider$SubUiVisibilityListener mSubUiVisibilityListener
com.google.android.material.floatingactionbutton.FloatingActionButtonImpl:
    public com.google.android.material.shape.MaterialShapeDrawable shapeDrawable
    public android.graphics.drawable.Drawable rippleDrawable
    public com.google.android.material.floatingactionbutton.BorderDrawable borderDrawable
    public android.graphics.drawable.Drawable contentBackground
    public int minTouchTargetSize
androidx.core.text.PrecomputedTextCompat$Params:
    public final android.text.PrecomputedText$Params mWrapped
androidx.constraintlayout.solver.SolverVariableValues:
    public static void <clinit>()
    public final int NONE
    public int HASH_SIZE
    public static float epsilon
androidx.viewpager2.adapter.FragmentStateAdapter$2:
    public final synthetic androidx.viewpager2.adapter.FragmentViewHolder val$holder
    public final synthetic androidx.viewpager2.adapter.FragmentStateAdapter this$0
com.google.android.material.textfield.MaterialAutoCompleteTextView$1
androidx.appcompat.widget.AppCompatSpinner
androidx.appcompat.app.AppCompatDelegateImpl$6$1
androidx.core.text.TextDirectionHeuristicsCompat$AnyStrong:
    public final boolean mLookForRtl
androidx.transition.FragmentTransitionSupport$4:
    public final synthetic android.graphics.Rect val$epicenter
    public final synthetic androidx.transition.FragmentTransitionSupport this$0
androidx.appcompat.widget.ScrollingTabContainerView:
    public void animateToTab(int)
    public androidx.appcompat.widget.ScrollingTabContainerView$TabView createTabView(androidx.appcompat.app.ActionBar$Tab,boolean)
    public final boolean isCollapsed()
    public final void performCollapse()
    public final boolean performExpand()
    public final android.widget.Spinner createSpinner()
    public java.lang.Runnable mTabSelector
    public androidx.appcompat.widget.ScrollingTabContainerView$TabClickListener mTabClickListener
    public androidx.appcompat.widget.LinearLayoutCompat mTabLayout
    public android.widget.Spinner mTabSpinner
    public int mMaxTabWidth
    public static final android.view.animation.Interpolator sAlphaInterpolator
com.google.android.material.snackbar.BaseTransientBottomBar$7:
    public void <init>(com.google.android.material.snackbar.BaseTransientBottomBar)
androidx.fragment.app.FragmentTransitionCompat21$1:
    public final synthetic androidx.fragment.app.FragmentTransitionCompat21 this$0
com.google.android.material.appbar.ViewUtilsLollipop:
    public static void <clinit>()
    public static final int[] STATE_LIST_ANIM_ATTRS
com.topjohnwu.superuser.NoShellException:
    public void <init>(java.lang.String)
androidx.viewpager2.adapter.FragmentViewHolder
androidx.appcompat.view.menu.ListMenuPresenter
androidx.recyclerview.widget.GridLayoutManager:
    public final int computeScrollRangeWithSpanInfo(androidx.recyclerview.widget.RecyclerView$State)
    public final int computeScrollOffsetWithSpanInfo(androidx.recyclerview.widget.RecyclerView$State)
    public int getSpanCount()
    public boolean mUsingSpansToEstimateScrollBarDimensions